0 info it worked if it ends with ok
1 verbose cli [ '/usr/local/bin/node', '/usr/local/bin/npm', 'run', 'serve' ]
2 info using npm@3.7.3
3 info using node@v4.2.6
4 verbose run-script [ 'preserve', 'serve', 'postserve' ]
5 info lifecycle Maestro@0.0.1~preserve: Maestro@0.0.1
6 silly lifecycle Maestro@0.0.1~preserve: no script for preserve, continuing
7 info lifecycle Maestro@0.0.1~serve: Maestro@0.0.1
8 verbose lifecycle Maestro@0.0.1~serve: unsafe-perm in lifecycle true
9 verbose lifecycle Maestro@0.0.1~serve: PATH: /usr/local/lib/node_modules/npm/bin/node-gyp-bin:/Users/RamonGilabert/Desktop/Maestro/node_modules/.bin:/usr/local/bin:/usr/local/bin:/usr/bin:/bin:/usr/sbin:/sbin
10 verbose lifecycle Maestro@0.0.1~serve: CWD: /Users/RamonGilabert/Desktop/Maestro
11 silly lifecycle Maestro@0.0.1~serve: Args: [ '-c', 'webpack-dev-server --port $PORT' ]
12 silly lifecycle Maestro@0.0.1~serve: Returned: code: 1  signal: null
13 info lifecycle Maestro@0.0.1~serve: Failed to exec serve script
14 verbose stack Error: Maestro@0.0.1 serve: `webpack-dev-server --port $PORT`
14 verbose stack Exit status 1
14 verbose stack     at EventEmitter.<anonymous> (/usr/local/lib/node_modules/npm/lib/utils/lifecycle.js:239:16)
14 verbose stack     at emitTwo (events.js:87:13)
14 verbose stack     at EventEmitter.emit (events.js:172:7)
14 verbose stack     at ChildProcess.<anonymous> (/usr/local/lib/node_modules/npm/lib/utils/spawn.js:24:14)
14 verbose stack     at emitTwo (events.js:87:13)
14 verbose stack     at ChildProcess.emit (events.js:172:7)
14 verbose stack     at maybeClose (internal/child_process.js:821:16)
14 verbose stack     at Process.ChildProcess._handle.onexit (internal/child_process.js:211:5)
15 verbose pkgid Maestro@0.0.1
16 verbose cwd /Users/RamonGilabert/Desktop/Maestro
17 error Darwin 15.2.0
18 error argv "/usr/local/bin/node" "/usr/local/bin/npm" "run" "serve"
19 error node v4.2.6
20 error npm  v3.7.3
21 error code ELIFECYCLE
22 error Maestro@0.0.1 serve: `webpack-dev-server --port $PORT`
22 error Exit status 1
23 error Failed at the Maestro@0.0.1 serve script 'webpack-dev-server --port $PORT'.
23 error Make sure you have the latest version of node.js and npm installed.
23 error If you do, this is most likely a problem with the Maestro package,
23 error not with npm itself.
23 error Tell the author that this fails on your system:
23 error     webpack-dev-server --port $PORT
23 error You can get information on how to open an issue for this project with:
23 error     npm bugs Maestro
23 error Or if that isn't available, you can get their info via:
23 error     npm owner ls Maestro
23 error There is likely additional logging output above.
24 verbose exit [ 1, true ]
